2022-11-08 02:22:17.296  INFO --- o.s.b.w.embedded.tomcat.TomcatWebServer  : Tomcat initialized with port(s): 8080 (http)
2022-11-08 02:22:19.313  INFO --- o.s.b.w.embedded.tomcat.TomcatWebServer  : Tomcat started on port(s): 8080 (http) with context path ''
2022-11-08 02:25:26.647 DEBUG --- c.s.i.m.S.getSmallChangeWalletAmount     : ==>  Preparing: select CLIENT_SMALLCHANGE_WALLET from client where CLIENT_ID =?
2022-11-08 02:25:26.664 DEBUG --- c.s.i.m.S.getSmallChangeWalletAmount     : ==> Parameters: 1(String)
2022-11-08 02:25:26.684 DEBUG --- c.s.i.m.S.getSmallChangeWalletAmount     : <==      Total: 1
2022-11-08 02:25:26.686 DEBUG --- c.s.i.m.S.getBankAccountDetails          : ==>  Preparing: select ACCOUNT_NUMBER, ACCOUNT_BALANCE from CLIENT_FINANCE_DETAILS where client_id=?
2022-11-08 02:25:26.700 DEBUG --- c.s.i.m.S.getBankAccountDetails          : ==> Parameters: 1(String)
2022-11-08 02:25:26.700 DEBUG --- c.s.i.m.S.getBankAccountDetails          : <==      Total: 2
2022-11-08 02:25:26.701 DEBUG --- c.s.i.m.S.updateClientTable              : ==>  Preparing: update client set client_smallchange_wallet = ? where client_id = ?
2022-11-08 02:25:26.702 DEBUG --- c.s.i.m.S.updateClientTable              : ==> Parameters: 4444.60000000000000000000000000000000(BigDecimal), 1(String)
2022-11-08 02:25:26.704 DEBUG --- c.s.i.m.S.updateClientTable              : <==    Updates: 1
2022-11-08 02:25:26.704 DEBUG --- c.s.i.m.S.updateClientFinanceTable       : ==>  Preparing: update client_finance_details set account_balance = ?, where client_id = ? and account_number = ?;
2022-11-08 02:25:26.754 ERROR --- c.s.r.SmallChangeWalletService           : 
### Error updating database.  Cause: java.sql.SQLSyntaxErrorException: user lacks privilege or object not found: WHERE in statement [update client_finance_details set
	    account_balance = ?,
	  	where client_id = ? and account_number = ?;]
### The error may exist in file [D:\WebAppsClient\WebAppsClient\AngularApplications\Small-Change-Team-Loki\SmallChangeJava\target\classes\com\smallchange\integration\mapper\SmallChangeWalletMapper.xml]
### The error may involve com.smallchange.integration.mapper.SmallChangeWalletMapper.updateClientFinanceTable
### The error occurred while executing an update
### SQL: update client_finance_details set      account_balance = ?,     where client_id = ? and account_number = ?;
### Cause: java.sql.SQLSyntaxErrorException: user lacks privilege or object not found: WHERE in statement [update client_finance_details set
	    account_balance = ?,
	  	where client_id = ? and account_number = ?;]
; bad SQL grammar []; nested exception is java.sql.SQLSyntaxErrorException: user lacks privilege or object not found: WHERE in statement [update client_finance_details set
	    account_balance = ?,
	  	where client_id = ? and account_number = ?;]
2022-11-08 02:27:34.221  INFO --- o.s.b.w.embedded.tomcat.TomcatWebServer  : Tomcat initialized with port(s): 8080 (http)
2022-11-08 02:27:35.774  INFO --- o.s.b.w.embedded.tomcat.TomcatWebServer  : Tomcat started on port(s): 8080 (http) with context path ''
2022-11-08 02:27:39.588 DEBUG --- c.s.i.m.S.getSmallChangeWalletAmount     : ==>  Preparing: select CLIENT_SMALLCHANGE_WALLET from client where CLIENT_ID =?
2022-11-08 02:27:39.605 DEBUG --- c.s.i.m.S.getSmallChangeWalletAmount     : ==> Parameters: 1(String)
2022-11-08 02:27:39.627 DEBUG --- c.s.i.m.S.getSmallChangeWalletAmount     : <==      Total: 1
2022-11-08 02:27:39.629 DEBUG --- c.s.i.m.S.getBankAccountDetails          : ==>  Preparing: select ACCOUNT_NUMBER, ACCOUNT_BALANCE from CLIENT_FINANCE_DETAILS where client_id=?
2022-11-08 02:27:39.629 DEBUG --- c.s.i.m.S.getBankAccountDetails          : ==> Parameters: 1(String)
2022-11-08 02:27:39.630 DEBUG --- c.s.i.m.S.getBankAccountDetails          : <==      Total: 2
2022-11-08 02:27:39.631 DEBUG --- c.s.i.m.S.updateClientTable              : ==>  Preparing: update client set client_smallchange_wallet = ? where client_id = ?
2022-11-08 02:27:39.632 DEBUG --- c.s.i.m.S.updateClientTable              : ==> Parameters: 4444.60000000000000000000000000000000(BigDecimal), 1(String)
2022-11-08 02:27:39.634 DEBUG --- c.s.i.m.S.updateClientTable              : <==    Updates: 1
2022-11-08 02:27:39.634 DEBUG --- c.s.i.m.S.updateClientFinanceTable       : ==>  Preparing: update client_finance_details set account_balance = ?, where client_id = ? and account_number = #'{accountName}';
2022-11-08 02:27:39.684 ERROR --- c.s.r.SmallChangeWalletService           : 
### Error updating database.  Cause: java.sql.SQLSyntaxErrorException: user lacks privilege or object not found: WHERE in statement [update client_finance_details set
	    account_balance = ?,
	  	where client_id = ? and account_number = #'{accountName}';]
### The error may exist in file [D:\WebAppsClient\WebAppsClient\AngularApplications\Small-Change-Team-Loki\SmallChangeJava\target\classes\com\smallchange\integration\mapper\SmallChangeWalletMapper.xml]
### The error may involve com.smallchange.integration.mapper.SmallChangeWalletMapper.updateClientFinanceTable
### The error occurred while executing an update
### SQL: update client_finance_details set      account_balance = ?,     where client_id = ? and account_number = #'{accountName}';
### Cause: java.sql.SQLSyntaxErrorException: user lacks privilege or object not found: WHERE in statement [update client_finance_details set
	    account_balance = ?,
	  	where client_id = ? and account_number = #'{accountName}';]
; bad SQL grammar []; nested exception is java.sql.SQLSyntaxErrorException: user lacks privilege or object not found: WHERE in statement [update client_finance_details set
	    account_balance = ?,
	  	where client_id = ? and account_number = #'{accountName}';]
2022-11-08 02:30:01.626  INFO --- o.s.b.w.embedded.tomcat.TomcatWebServer  : Tomcat initialized with port(s): 8080 (http)
2022-11-08 02:30:03.438  INFO --- o.s.b.w.embedded.tomcat.TomcatWebServer  : Tomcat started on port(s): 8080 (http) with context path ''
2022-11-08 02:30:05.748 DEBUG --- c.s.i.m.S.getSmallChangeWalletAmount     : ==>  Preparing: select CLIENT_SMALLCHANGE_WALLET from client where CLIENT_ID =?
2022-11-08 02:30:05.766 DEBUG --- c.s.i.m.S.getSmallChangeWalletAmount     : ==> Parameters: 1(String)
2022-11-08 02:30:05.787 DEBUG --- c.s.i.m.S.getSmallChangeWalletAmount     : <==      Total: 1
2022-11-08 02:30:05.789 DEBUG --- c.s.i.m.S.getBankAccountDetails          : ==>  Preparing: select ACCOUNT_NUMBER, ACCOUNT_BALANCE from CLIENT_FINANCE_DETAILS where client_id=?
2022-11-08 02:30:05.790 DEBUG --- c.s.i.m.S.getBankAccountDetails          : ==> Parameters: 1(String)
2022-11-08 02:30:05.790 DEBUG --- c.s.i.m.S.getBankAccountDetails          : <==      Total: 2
2022-11-08 02:30:05.791 DEBUG --- c.s.i.m.S.updateClientTable              : ==>  Preparing: update client set client_smallchange_wallet = ? where client_id = ?
2022-11-08 02:30:05.792 DEBUG --- c.s.i.m.S.updateClientTable              : ==> Parameters: 4444.60000000000000000000000000000000(BigDecimal), 1(String)
2022-11-08 02:30:05.794 DEBUG --- c.s.i.m.S.updateClientTable              : <==    Updates: 1
2022-11-08 02:30:05.794 DEBUG --- c.s.i.m.S.updateClientFinanceTable       : ==>  Preparing: update client_finance_details set account_balance = ?, where client_id = ? and account_number = ?;
2022-11-08 02:30:05.850 ERROR --- c.s.r.SmallChangeWalletService           : 
### Error updating database.  Cause: java.sql.SQLSyntaxErrorException: user lacks privilege or object not found: WHERE in statement [update client_finance_details set
	    account_balance = ?,
	  	where client_id = ? and account_number = ?;]
### The error may exist in file [D:\WebAppsClient\WebAppsClient\AngularApplications\Small-Change-Team-Loki\SmallChangeJava\target\classes\com\smallchange\integration\mapper\SmallChangeWalletMapper.xml]
### The error may involve com.smallchange.integration.mapper.SmallChangeWalletMapper.updateClientFinanceTable
### The error occurred while executing an update
### SQL: update client_finance_details set      account_balance = ?,     where client_id = ? and account_number = ?;
### Cause: java.sql.SQLSyntaxErrorException: user lacks privilege or object not found: WHERE in statement [update client_finance_details set
	    account_balance = ?,
	  	where client_id = ? and account_number = ?;]
; bad SQL grammar []; nested exception is java.sql.SQLSyntaxErrorException: user lacks privilege or object not found: WHERE in statement [update client_finance_details set
	    account_balance = ?,
	  	where client_id = ? and account_number = ?;]
2022-11-08 02:32:00.649  INFO --- o.s.b.w.embedded.tomcat.TomcatWebServer  : Tomcat initialized with port(s): 8080 (http)
2022-11-08 02:32:02.448  INFO --- o.s.b.w.embedded.tomcat.TomcatWebServer  : Tomcat started on port(s): 8080 (http) with context path ''
2022-11-08 02:32:04.316 DEBUG --- c.s.i.m.S.getSmallChangeWalletAmount     : ==>  Preparing: select CLIENT_SMALLCHANGE_WALLET from client where CLIENT_ID =?
2022-11-08 02:32:04.334 DEBUG --- c.s.i.m.S.getSmallChangeWalletAmount     : ==> Parameters: 1(String)
2022-11-08 02:32:04.353 DEBUG --- c.s.i.m.S.getSmallChangeWalletAmount     : <==      Total: 1
2022-11-08 02:32:04.355 DEBUG --- c.s.i.m.S.getBankAccountDetails          : ==>  Preparing: select ACCOUNT_NUMBER, ACCOUNT_BALANCE from CLIENT_FINANCE_DETAILS where client_id=?
2022-11-08 02:32:04.356 DEBUG --- c.s.i.m.S.getBankAccountDetails          : ==> Parameters: 1(String)
2022-11-08 02:32:04.356 DEBUG --- c.s.i.m.S.getBankAccountDetails          : <==      Total: 2
2022-11-08 02:32:04.357 DEBUG --- c.s.i.m.S.updateClientTable              : ==>  Preparing: update client set client_smallchange_wallet = ? where client_id = ?
2022-11-08 02:32:04.358 DEBUG --- c.s.i.m.S.updateClientTable              : ==> Parameters: 4444.60000000000000000000000000000000(BigDecimal), 1(String)
2022-11-08 02:32:04.360 DEBUG --- c.s.i.m.S.updateClientTable              : <==    Updates: 1
2022-11-08 02:32:04.360  INFO --- c.s.r.SmallChangeWalletService           : Successful retrieval
2022-11-08 11:40:17.500  INFO --- o.s.b.w.embedded.tomcat.TomcatWebServer  : Tomcat initialized with port(s): 8080 (http)
2022-11-08 11:40:19.105  INFO --- o.s.b.w.embedded.tomcat.TomcatWebServer  : Tomcat started on port(s): 8080 (http) with context path ''
2022-11-08 11:40:36.588 DEBUG --- c.s.i.m.S.getSmallChangeWalletAmount     : ==>  Preparing: select CLIENT_SMALLCHANGE_WALLET from client where CLIENT_ID =?
2022-11-08 11:40:36.608 DEBUG --- c.s.i.m.S.getSmallChangeWalletAmount     : ==> Parameters: 1(String)
2022-11-08 11:40:36.627 DEBUG --- c.s.i.m.S.getSmallChangeWalletAmount     : <==      Total: 1
2022-11-08 11:40:36.629 DEBUG --- c.s.i.m.S.getBankAccountDetails          : ==>  Preparing: select ACCOUNT_NUMBER, ACCOUNT_BALANCE from CLIENT_FINANCE_DETAILS where client_id=?
2022-11-08 11:40:36.630 DEBUG --- c.s.i.m.S.getBankAccountDetails          : ==> Parameters: 1(String)
2022-11-08 11:40:36.631 DEBUG --- c.s.i.m.S.getBankAccountDetails          : <==      Total: 2
2022-11-08 11:40:36.631 DEBUG --- c.s.i.m.S.updateClientTable              : ==>  Preparing: update client set client_smallchange_wallet = ? where client_id = ?
2022-11-08 11:40:36.633 DEBUG --- c.s.i.m.S.updateClientTable              : ==> Parameters: 4444.60000000000000000000000000000000(BigDecimal), 1(String)
2022-11-08 11:40:36.634 DEBUG --- c.s.i.m.S.updateClientTable              : <==    Updates: 1
2022-11-08 11:40:36.635 DEBUG --- c.s.i.m.S.updateClientFinanceTable       : ==>  Preparing: update client_finance_details set account_balance = ?, where client_id = ? and account_number = ?;
2022-11-08 11:40:36.691 ERROR --- c.s.r.SmallChangeWalletService           : 
### Error updating database.  Cause: java.sql.SQLSyntaxErrorException: user lacks privilege or object not found: WHERE in statement [update client_finance_details set
	    account_balance = ?,
	  	where client_id = ? and account_number = ?;]
### The error may exist in file [D:\WebAppsClient\WebAppsClient\AngularApplications\Small-Change-Team-Loki\SmallChangeJava\target\classes\com\smallchange\integration\mapper\SmallChangeWalletMapper.xml]
### The error may involve com.smallchange.integration.mapper.SmallChangeWalletMapper.updateClientFinanceTable
### The error occurred while executing an update
### SQL: update client_finance_details set      account_balance = ?,     where client_id = ? and account_number = ?;
### Cause: java.sql.SQLSyntaxErrorException: user lacks privilege or object not found: WHERE in statement [update client_finance_details set
	    account_balance = ?,
	  	where client_id = ? and account_number = ?;]
; bad SQL grammar []; nested exception is java.sql.SQLSyntaxErrorException: user lacks privilege or object not found: WHERE in statement [update client_finance_details set
	    account_balance = ?,
	  	where client_id = ? and account_number = ?;]
2022-11-08 11:41:33.685  INFO --- o.s.b.w.embedded.tomcat.TomcatWebServer  : Tomcat initialized with port(s): 8080 (http)
2022-11-08 11:41:35.557  INFO --- o.s.b.w.embedded.tomcat.TomcatWebServer  : Tomcat started on port(s): 8080 (http) with context path ''
2022-11-08 11:41:40.198 DEBUG --- c.s.i.m.S.getSmallChangeWalletAmount     : ==>  Preparing: select CLIENT_SMALLCHANGE_WALLET from client where CLIENT_ID =?
2022-11-08 11:41:40.219 DEBUG --- c.s.i.m.S.getSmallChangeWalletAmount     : ==> Parameters: 1(String)
2022-11-08 11:41:40.244 DEBUG --- c.s.i.m.S.getSmallChangeWalletAmount     : <==      Total: 1
2022-11-08 11:41:40.246 DEBUG --- c.s.i.m.S.getBankAccountDetails          : ==>  Preparing: select ACCOUNT_NUMBER, ACCOUNT_BALANCE from CLIENT_FINANCE_DETAILS where client_id=?
2022-11-08 11:41:40.247 DEBUG --- c.s.i.m.S.getBankAccountDetails          : ==> Parameters: 1(String)
2022-11-08 11:41:40.248 DEBUG --- c.s.i.m.S.getBankAccountDetails          : <==      Total: 2
2022-11-08 11:41:40.249 DEBUG --- c.s.i.m.S.updateClientTable              : ==>  Preparing: update client set client_smallchange_wallet = ? where client_id = ?
2022-11-08 11:41:40.251 DEBUG --- c.s.i.m.S.updateClientTable              : ==> Parameters: 4444.60000000000000000000000000000000(BigDecimal), 1(String)
2022-11-08 11:41:40.253 DEBUG --- c.s.i.m.S.updateClientTable              : <==    Updates: 1
2022-11-08 11:41:40.254 DEBUG --- c.s.i.m.S.updateClientFinanceTable       : ==>  Preparing: update client_finance_details set account_balance = ?, where client_id = ? and account_number = ?
2022-11-08 11:41:40.320 ERROR --- c.s.r.SmallChangeWalletService           : 
### Error updating database.  Cause: java.sql.SQLSyntaxErrorException: user lacks privilege or object not found: WHERE in statement [update client_finance_details set
	    account_balance = ?,
	  	where client_id = ? and account_number = ?]
### The error may exist in file [D:\WebAppsClient\WebAppsClient\AngularApplications\Small-Change-Team-Loki\SmallChangeJava\target\classes\com\smallchange\integration\mapper\SmallChangeWalletMapper.xml]
### The error may involve com.smallchange.integration.mapper.SmallChangeWalletMapper.updateClientFinanceTable
### The error occurred while executing an update
### SQL: update client_finance_details set      account_balance = ?,     where client_id = ? and account_number = ?
### Cause: java.sql.SQLSyntaxErrorException: user lacks privilege or object not found: WHERE in statement [update client_finance_details set
	    account_balance = ?,
	  	where client_id = ? and account_number = ?]
; bad SQL grammar []; nested exception is java.sql.SQLSyntaxErrorException: user lacks privilege or object not found: WHERE in statement [update client_finance_details set
	    account_balance = ?,
	  	where client_id = ? and account_number = ?]
2022-11-08 11:44:21.907  INFO --- o.s.b.w.embedded.tomcat.TomcatWebServer  : Tomcat initialized with port(s): 8080 (http)
2022-11-08 11:44:23.589  INFO --- o.s.b.w.embedded.tomcat.TomcatWebServer  : Tomcat started on port(s): 8080 (http) with context path ''
2022-11-08 11:44:26.096 DEBUG --- c.s.i.m.S.getSmallChangeWalletAmount     : ==>  Preparing: select CLIENT_SMALLCHANGE_WALLET from client where CLIENT_ID =?
2022-11-08 11:44:26.116 DEBUG --- c.s.i.m.S.getSmallChangeWalletAmount     : ==> Parameters: 1(String)
2022-11-08 11:44:26.136 DEBUG --- c.s.i.m.S.getSmallChangeWalletAmount     : <==      Total: 1
2022-11-08 11:44:26.138 DEBUG --- c.s.i.m.S.getBankAccountDetails          : ==>  Preparing: select ACCOUNT_NUMBER, ACCOUNT_BALANCE from CLIENT_FINANCE_DETAILS where client_id=?
2022-11-08 11:44:26.139 DEBUG --- c.s.i.m.S.getBankAccountDetails          : ==> Parameters: 1(String)
2022-11-08 11:44:26.140 DEBUG --- c.s.i.m.S.getBankAccountDetails          : <==      Total: 2
2022-11-08 11:44:26.140 DEBUG --- c.s.i.m.S.updateClientTable              : ==>  Preparing: update client set client_smallchange_wallet = ? where client_id = ?
2022-11-08 11:44:26.142 DEBUG --- c.s.i.m.S.updateClientTable              : ==> Parameters: 4444.60000000000000000000000000000000(BigDecimal), 1(String)
2022-11-08 11:44:26.143 DEBUG --- c.s.i.m.S.updateClientTable              : <==    Updates: 1
2022-11-08 11:44:26.145 DEBUG --- c.s.i.m.S.updateClientFinanceTable       : ==>  Preparing: update client_finance_details set account_balance = ?, where client_id = ? and account_number = ?
2022-11-08 11:44:26.200 ERROR --- c.s.r.SmallChangeWalletService           : 
### Error updating database.  Cause: java.sql.SQLSyntaxErrorException: user lacks privilege or object not found: WHERE in statement [update client_finance_details set
	    account_balance = ?,
	  	where client_id = ? and account_number = ?]
### The error may exist in file [D:\WebAppsClient\WebAppsClient\AngularApplications\Small-Change-Team-Loki\SmallChangeJava\target\classes\com\smallchange\integration\mapper\SmallChangeWalletMapper.xml]
### The error may involve com.smallchange.integration.mapper.SmallChangeWalletMapper.updateClientFinanceTable
### The error occurred while executing an update
### SQL: update client_finance_details set      account_balance = ?,     where client_id = ? and account_number = ?
### Cause: java.sql.SQLSyntaxErrorException: user lacks privilege or object not found: WHERE in statement [update client_finance_details set
	    account_balance = ?,
	  	where client_id = ? and account_number = ?]
; bad SQL grammar []; nested exception is java.sql.SQLSyntaxErrorException: user lacks privilege or object not found: WHERE in statement [update client_finance_details set
	    account_balance = ?,
	  	where client_id = ? and account_number = ?]
2022-11-08 11:55:44.050 DEBUG --- c.s.i.m.P.getUserPortfolio               : ==>  Preparing: SELECT I.NAME, I.CODE, I.CURRENT_PRICE, I.CATEGORY,H.BUYPRICE,H.QUANTITY,H.QUANTITY*I.CURRENT_PRICE AS CURRENT_VALUE, H.QUANTITY*H.BUYPRICE AS INVESTED_AMOUNT,((H.QUANTITY*I.CURRENT_PRICE)-(H.QUANTITY*H.BUYPRICE)) AS PROFIT_OR_LOSS, (((H.QUANTITY*I.CURRENT_PRICE)-(H.QUANTITY*H.BUYPRICE)))/(H.QUANTITY*H.BUYPRICE)*100 AS PERCENTAGE_CAHNGE FROM holdings H JOIN instrument I ON h.code=i.code WHERE H.CLIENT_ID=?
2022-11-08 11:55:44.052 DEBUG --- c.s.i.m.P.getUserPortfolio               : ==> Parameters: 1(String)
2022-11-08 11:55:44.056 DEBUG --- c.s.i.m.P.getUserPortfolio               : <==      Total: 2
2022-11-08 11:55:44.057 DEBUG --- c.s.i.m.P.getUserPortfolio               : ==>  Preparing: SELECT I.NAME, I.CODE, I.CURRENT_PRICE, I.CATEGORY,H.BUYPRICE,H.QUANTITY,H.QUANTITY*I.CURRENT_PRICE AS CURRENT_VALUE, H.QUANTITY*H.BUYPRICE AS INVESTED_AMOUNT,((H.QUANTITY*I.CURRENT_PRICE)-(H.QUANTITY*H.BUYPRICE)) AS PROFIT_OR_LOSS, (((H.QUANTITY*I.CURRENT_PRICE)-(H.QUANTITY*H.BUYPRICE)))/(H.QUANTITY*H.BUYPRICE)*100 AS PERCENTAGE_CAHNGE FROM holdings H JOIN instrument I ON h.code=i.code WHERE H.CLIENT_ID=?
2022-11-08 11:55:44.058 DEBUG --- c.s.i.m.P.getUserPortfolio               : ==> Parameters: 1(String)
2022-11-08 11:55:44.061 DEBUG --- c.s.i.m.P.getUserPortfolio               : <==      Total: 2
2022-11-08 11:55:44.062  INFO --- c.s.restService.PortfolioService         : Successful retrieval
2022-11-08 12:00:13.225  INFO --- o.s.b.w.embedded.tomcat.TomcatWebServer  : Tomcat initialized with port(s): 8080 (http)
2022-11-08 12:00:15.033  INFO --- o.s.b.w.embedded.tomcat.TomcatWebServer  : Tomcat started on port(s): 8080 (http) with context path ''
2022-11-08 12:02:48.306 DEBUG --- c.s.i.m.P.getUserPortfolio               : ==>  Preparing: SELECT I.NAME, I.CODE, I.CURRENT_PRICE, I.CATEGORY,H.BUYPRICE,H.QUANTITY,H.QUANTITY*I.CURRENT_PRICE AS CURRENT_VALUE, H.QUANTITY*H.BUYPRICE AS INVESTED_AMOUNT,((H.QUANTITY*I.CURRENT_PRICE)-(H.QUANTITY*H.BUYPRICE)) AS PROFIT_OR_LOSS, (((H.QUANTITY*I.CURRENT_PRICE)-(H.QUANTITY*H.BUYPRICE)))/(H.QUANTITY*H.BUYPRICE)*100 AS PERCENTAGE_CAHNGE FROM holdings H JOIN instrument I ON h.code=i.code WHERE H.CLIENT_ID=?
2022-11-08 12:02:48.330 DEBUG --- c.s.i.m.P.getUserPortfolio               : ==> Parameters: 1(String)
2022-11-08 12:02:48.354 ERROR --- c.s.restService.PortfolioService         : nested exception is org.apache.ibatis.reflection.ReflectionException: There is no getter for property named 'portfolioStockView' in 'class com.smallchange.uimodel.PortfolioStock'
2022-11-08 12:15:19.134 DEBUG --- c.s.i.m.S.getSmallChangeWalletAmount     : ==>  Preparing: select CLIENT_SMALLCHANGE_WALLET from client where CLIENT_ID =?
2022-11-08 12:15:19.135 DEBUG --- c.s.i.m.S.getSmallChangeWalletAmount     : ==> Parameters: 1(String)
2022-11-08 12:15:19.136 DEBUG --- c.s.i.m.S.getSmallChangeWalletAmount     : <==      Total: 1
2022-11-08 12:15:19.138 DEBUG --- c.s.i.m.S.getBankAccountDetails          : ==>  Preparing: select ACCOUNT_NUMBER, ACCOUNT_BALANCE from CLIENT_FINANCE_DETAILS where client_id=?
2022-11-08 12:15:19.139 DEBUG --- c.s.i.m.S.getBankAccountDetails          : ==> Parameters: 1(String)
2022-11-08 12:15:19.140 DEBUG --- c.s.i.m.S.getBankAccountDetails          : <==      Total: 2
2022-11-08 12:15:19.141 DEBUG --- c.s.i.m.S.updateClientTable              : ==>  Preparing: update client set client_smallchange_wallet = ? where client_id = ?
2022-11-08 12:15:19.142 DEBUG --- c.s.i.m.S.updateClientTable              : ==> Parameters: 4444.60000000000000000000000000000000(BigDecimal), 1(String)
2022-11-08 12:15:19.144 DEBUG --- c.s.i.m.S.updateClientTable              : <==    Updates: 1
2022-11-08 12:15:19.145 DEBUG --- c.s.i.m.S.updateClientFinanceTable       : ==>  Preparing: update client_finance_details set account_balance = ?, where client_id = ? and account_number = ?
2022-11-08 12:15:19.201 ERROR --- c.s.r.SmallChangeWalletService           : 
### Error updating database.  Cause: java.sql.SQLSyntaxErrorException: user lacks privilege or object not found: WHERE in statement [update client_finance_details set
	    account_balance = ?,
	  	where client_id = ? and account_number = ?]
### The error may exist in file [D:\WebAppsClient\WebAppsClient\AngularApplications\Small-Change-Team-Loki\SmallChangeJava\target\classes\com\smallchange\integration\mapper\SmallChangeWalletMapper.xml]
### The error may involve com.smallchange.integration.mapper.SmallChangeWalletMapper.updateClientFinanceTable
### The error occurred while executing an update
### SQL: update client_finance_details set      account_balance = ?,     where client_id = ? and account_number = ?
### Cause: java.sql.SQLSyntaxErrorException: user lacks privilege or object not found: WHERE in statement [update client_finance_details set
	    account_balance = ?,
	  	where client_id = ? and account_number = ?]
; bad SQL grammar []; nested exception is java.sql.SQLSyntaxErrorException: user lacks privilege or object not found: WHERE in statement [update client_finance_details set
	    account_balance = ?,
	  	where client_id = ? and account_number = ?]
2022-11-08 12:15:59.086  INFO --- o.s.b.w.embedded.tomcat.TomcatWebServer  : Tomcat initialized with port(s): 8080 (http)
2022-11-08 12:16:01.544  INFO --- o.s.b.w.embedded.tomcat.TomcatWebServer  : Tomcat started on port(s): 8080 (http) with context path ''
2022-11-08 12:16:06.670 DEBUG --- c.s.i.m.S.getSmallChangeWalletAmount     : ==>  Preparing: select CLIENT_SMALLCHANGE_WALLET from client where CLIENT_ID =?
2022-11-08 12:16:06.688 DEBUG --- c.s.i.m.S.getSmallChangeWalletAmount     : ==> Parameters: 1(String)
2022-11-08 12:16:06.710 DEBUG --- c.s.i.m.S.getSmallChangeWalletAmount     : <==      Total: 1
2022-11-08 12:16:06.712 DEBUG --- c.s.i.m.S.getBankAccountDetails          : ==>  Preparing: select ACCOUNT_NUMBER, ACCOUNT_BALANCE from CLIENT_FINANCE_DETAILS where client_id=?
2022-11-08 12:16:06.713 DEBUG --- c.s.i.m.S.getBankAccountDetails          : ==> Parameters: 1(String)
2022-11-08 12:16:06.714 DEBUG --- c.s.i.m.S.getBankAccountDetails          : <==      Total: 2
2022-11-08 12:16:06.714 DEBUG --- c.s.i.m.S.updateClientTable              : ==>  Preparing: update client set client_smallchange_wallet = ? where client_id = ?
2022-11-08 12:16:06.716 DEBUG --- c.s.i.m.S.updateClientTable              : ==> Parameters: 4444.60000000000000000000000000000000(BigDecimal), 1(String)
2022-11-08 12:16:06.718 DEBUG --- c.s.i.m.S.updateClientTable              : <==    Updates: 1
2022-11-08 12:16:06.718 DEBUG --- c.s.i.m.S.updateClientFinanceTable       : ==>  Preparing: update client_finance_details set account_balance = ? where client_id = ? and account_number = ?
2022-11-08 12:16:06.719 DEBUG --- c.s.i.m.S.updateClientFinanceTable       : ==> Parameters: 45644444.60000000000000000000000000000000(BigDecimal), 1(String), 122354D(String)
2022-11-08 12:16:06.720 DEBUG --- c.s.i.m.S.updateClientFinanceTable       : <==    Updates: 1
2022-11-08 12:16:06.720  INFO --- c.s.r.SmallChangeWalletService           : Successful retrieval
2022-11-08 12:20:27.783 DEBUG --- c.s.i.m.C.getLoginAuthenticationDetails  : ==>  Preparing: select client_id from client where client_mail=? and password=?
2022-11-08 12:20:27.784 DEBUG --- c.s.i.m.C.getLoginAuthenticationDetails  : ==> Parameters: teamloki@gmail.com(String), teamloki(String)
2022-11-08 12:20:27.784 DEBUG --- c.s.i.m.C.getLoginAuthenticationDetails  : <==      Total: 1
2022-11-08 12:20:27.784  INFO --- c.s.r.ClientAuthenticationService        : Successful retrieval
2022-11-08 12:20:54.760 DEBUG --- c.s.i.m.T.getTradeHistory                : ==>  Preparing: select i.name,o.code,o.quantity,o.direction,o.Buy_price,i.category from orders o join instrument i on o.code=i.code where client_id=?
2022-11-08 12:20:54.761 DEBUG --- c.s.i.m.T.getTradeHistory                : ==> Parameters: 1(String)
2022-11-08 12:20:54.762 DEBUG --- c.s.i.m.T.getTradeHistory                : <==      Total: 2
2022-11-08 12:20:54.763  INFO --- c.s.restService.TradeHistoryService      : Successful retrieval
2022-11-08 12:21:00.945 DEBUG --- c.s.i.m.T.getTradeHistoryByBuy           : ==>  Preparing: select i.name,o.code,o.quantity,o.direction,o.Buy_price,i.category from orders o join instrument i on o.code=i.code where direction='BUY' and client_id=?
2022-11-08 12:21:00.946 DEBUG --- c.s.i.m.T.getTradeHistoryByBuy           : ==> Parameters: 1(String)
2022-11-08 12:21:00.948 DEBUG --- c.s.i.m.T.getTradeHistoryByBuy           : <==      Total: 2
2022-11-08 12:21:00.949  INFO --- c.s.restService.TradeHistoryService      : Successful retrieval
2022-11-08 12:21:13.197 DEBUG --- c.s.i.m.T.getTradeHistoryBySell          : ==>  Preparing: select i.name,o.code,o.quantity,o.direction,o.Buy_price,i.category from orders o join instrument i on o.code=i.code where direction='SELL' and client_id=?
2022-11-08 12:21:13.201 DEBUG --- c.s.i.m.T.getTradeHistoryBySell          : ==> Parameters: 1(String)
2022-11-08 12:21:13.202 DEBUG --- c.s.i.m.T.getTradeHistoryBySell          : <==      Total: 0
2022-11-08 12:21:13.202 ERROR --- c.s.restService.TradeHistoryService      : No trade history in the db with that client id
2022-11-08 12:22:09.275 DEBUG --- c.s.i.m.T.getTradeHistory                : ==>  Preparing: select i.name,o.code,o.quantity,o.direction,o.Buy_price,i.category from orders o join instrument i on o.code=i.code where client_id=?
2022-11-08 12:22:09.277 DEBUG --- c.s.i.m.T.getTradeHistory                : ==> Parameters: 1(String)
2022-11-08 12:22:09.280 DEBUG --- c.s.i.m.T.getTradeHistory                : <==      Total: 2
2022-11-08 12:22:09.281  INFO --- c.s.restService.TradeHistoryService      : Successful retrieval
